<?xml version="1.0" encoding="UTF-8"?>
<!-- Generated by org.testng.reporters.JUnitReportReporter -->
<testsuite hostname="DESKTOP-L9361S2" failures="0" tests="1" name="testScript.BookAppointmentTest" time="28.469" errors="0" timestamp="2025-03-29T15:20:45 IST" skipped="0">
  <testcase classname="testScript.BookAppointmentTest" name="bookAppointment" time="28.469"/>
</testsuite> <!-- testScript.BookAppointmentTest -->
